claim
conceivable
conjecture
conjecture
could
feasible
feel
guess
guess
hint
hint
hypothesis
hypothesize
hypothetical
imagine
improbability
improbable
improbably
in theory
likelihood
likely
likely
may
may not
maybe
might
might not
mightn't
opine
opinion
perhaps
possibility
possible
possibly
predict
prediction
probability
probable
probably
proposal
propose
proposition
purport
purportedly
questionable
reckon
remain
speculate
speculation
speculative
surmise
surmise
suspect
suspicion
theorization
theorize
theory
unclear
unknown
unlikely
unsure
venture