abandon:pos=VB:source=MPQA_Subjective_Word_List
abandonment:pos=NN:source=MPQA_Subjective_Word_List
abolish:pos=VB:source=MPQA_Subjective_Word_List
abolishment:pos=NN:source=MPQA_Corpus
absence:pos=NN:source=MPQA_Subjective_Word_List
absent:pos=VB:source=Not_Defined
against:pos=IN:source=MPQA_Subjective_Word_List
annihilate:pos=VB:source=MPQA_Subjective_Word_List
annul:pos=VB:source=MPQA_Corpus
avert:pos=VB:source=FB_Corpus
avoid:pos=VB:source=MPQA_Subjective_Word_List
avoidance:pos=NN:source=MPQA_Subjective_Word_List
ban:pos=VB:source=MPQA_Corpus
bar:pos=VB:source=MPQA_Subjective_Word_List
block:pos=VB:source=MPQA_Subjective_Word_List
breach:pos=NN:source=MPQA_Subjective_Word_List
breach:pos=VB:source=MPQA_Subjective_Word_List
cancel:pos=VB:source=MPQA_Corpus
confiscate:pos=VB:source=MPQA_Corpus
confutation:pos=NN:source=Not_Defined
confute:pos=VB:source=MPQA_Subjective_Word_List
constrain:pos=VB:source=FB_Corpus
contradict:pos=VB:source=MPQA_Subjective_Word_List
contradiction:pos=NN:source=MPQA_Subjective_Word_List
contravene:pos=VB:source=MPQA_Subjective_Word_List
contravention:pos=NN:source=MPQA_Corpus
decline:pos=VB:source=MPQA_Subjective_Word_List
denial:pos=NN:source=MPQA_Subjective_Word_List
denounce:pos=VB:source=MPQA_Subjective_Word_List
denouncement:pos=NN:source=Not_Defined
deny:pos=VB:source=MPQA_Subjective_Word_List
deprival:pos=NN:source=Not_Defined
deprive:pos=VB:source=MPQA_Subjective_Word_List
devoid:pos=JJ:source=MPQA_Subjective_Word_List
disable:pos=VB:source=MPQA_Subjective_Word_List
disallow:pos=VB:source=MPQA_Subjective_Word_List
disallowance:pos=NN:source=Not_Defined
disavow:pos=VB:source=MPQA_Subjective_Word_List
disavowal:pos=NN:source=MPQA_Subjective_Word_List
doubt:pos=NN:source=MPQA_Subjective_Word_List
doubtfulness:pos=NN:source=Not_Defined
eliminate:pos=VB:source=MPQA_Subjective_Word_List
elimination:pos=NN:source=MPQA_Subjective_Word_List
evade:pos=VB:source=MPQA_Subjective_Word_List
exclude:pos=VB:source=MPQA_Subjective_Word_List
exclusion:pos=NN:source=MPQA_Subjective_Word_List
expel:pos=VB:source=MPQA_Subjective_Word_List
expire:pos=VB:source=MPQA_Subjective_Word_List
exterminate:pos=VB:source=MPQA_Subjective_Word_List
fail:pos=VB:source=MPQA_Subjective_Word_List
failure:pos=NN:source=MPQA_Subjective_Word_List
falsehood:pos=NN:source=MPQA_Subjective_Word_List
flunk:pos=VB:source=Not_Defined
forbid:pos=VB:source=MPQA_Subjective_Word_List
forestall:pos=VB:source=MPQA_Corpus
forget:pos=VB:source=MPQA_Subjective_Word_List
forgetfulness:pos=NN:source=MPQA_Subjective_Word_List
hinder:pos=VB:source=MPQA_Subjective_Word_List
hindrance:pos=NN:source=MPQA_Subjective_Word_List
ignore:pos=VB:source=MPQA_Subjective_Word_List
impede:pos=VB:source=MPQA_Subjective_Word_List
impair:pos=VB:source=MPQA_Subjective_Word_List
interdict:pos=VB:source=Not_Defined
interdiction:pos=NN:source=MPQA_Corpus
lack:pos=NN:source=MPQA_Subjective_Word_List
lack:pos=VB:source=MPQA_Subjective_Word_List
lose:pos=VB:source=MPQA_Subjective_Word_List
loss:pos=NN:source=MPQA_Subjective_Word_List
miss:pos=VB:source=MPQA_Subjective_Word_List
negate:pos=VB:source=MPQA_Subjective_Word_List
negation:pos=NN:source=MPQA_Subjective_Word_List
negative:pos=JJ:source=MPQA_Subjective_Word_List
neglect:pos=NN:source=MPQA_Subjective_Word_List
nonexistence:pos=NN:source=Not_Defined
nonexistent:pos=JJ:source=MPQA_Subjective_Word_List
obsolete:pos=JJ:source=MPQA_Subjective_Word_List
obstruct:pos=VB:source=MPQA_Subjective_Word_List
obstructiveness:pos=NN:source=Not_Defined
omission:pos=NN:source=MPQA_Subjective_Word_List
omit:pos=VB:source=MPQA_Subjective_Word_List
outlaw:pos=NN:source=MPQA_Subjective_Word_List
preclude:pos=VB:source=MPQA_Corpus
preclusion:pos=NN:source=Not_Defined
pretend:pos=VB:source=MPQA_Subjective_Word_List
prevent:pos=VB:source=MPQA_Corpus
preventability:pos=NN:source=Not_Defined
prevention:pos=NN:source=MPQA_Corpus
prohibit:pos=VB:source=MPQA_Subjective_Word_List
proscribe:pos=VB:source=Not_Defined
refrain:pos=VB:source=MPQA_Corpus
refuse:pos=VB:source=MPQA_Subjective_Word_List
refutation:pos=NN:source=MPQA_Subjective_Word_List
refute:pos=VB:source=MPQA_Subjective_Word_List
reject:pos=VB:source=MPQA_Subjective_Word_List
rejection:pos=NN:source=MPQA_Subjective_Word_List
renounce:pos=VB:source=MPQA_Subjective_Word_List
renouncement:pos=NN:source=Not_Defined
repudiate:pos=VB:source=MPQA_Subjective_Word_List
repudiation:pos=NN:source=MPQA_Subjective_Word_List
skeptic:pos=NN:source=Not_Defined
spurn:pos=VB:source=MPQA_Subjective_Word_List
suppress:pos=VB:source=MPQA_Subjective_Word_List
suppression:pos=NN:source=MPQA_Subjective_Word_List
vanish:pos=VB:source=MPQA_Subjective_Word_List
veto:pos=VB:source=MPQA_Subjective_Word_List
void:pos=VB:source=MPQA_Subjective_Word_List
unable:pos=JJ:source=MPQA_Subjective_Word_List
impossible:pos=JJ:source=MPQA_Subjective_Word_List
inhibit:pos=VB:source=MPQA_Subjective_Word_List
inhibitor:pos=NN:source=MPQA_Subjective_Word_List
disaffirm:pos=VB:source=MPQA_Subjective_Word_List
disarm:pos=VB:source=MPQA_Subjective_Word_List
