abnormal:pos=JJ:source=MPQA_Subjective_Word_List
amoral:pos=JJ:source=MPQA_Subjective_Word_List
apolitical:pos=JJ:source=MPQA_Subjective_Word_List
asymmetric:pos=JJ:source=MPQA_Subjective_Word_List
atypical:pos=JJ:source=MPQA_Subjective_Word_List
disaccord:pos=NN:source=MPQA_Subjective_Word_List
disadvantage:pos=NN:source=MPQA_Subjective_Word_List
disadvantaged:pos=JJ:source=MPQA_Subjective_Word_List
disadvantageous:pos=JJ:source=MPQA_Subjective_Word_List
disaffect:pos=VB:source=MPQA_Subjective_Word_List
disaffected:pos=JJ:source=MPQA_Subjective_Word_List
disagree:pos=VB:source=MPQA_Subjective_Word_List
disagreeable:pos=JJ:source=MPQA_Subjective_Word_List
disagreeably:pos=RB:source=MPQA_Subjective_Word_List
disagreement:pos=NN:source=MPQA_Subjective_Word_List
disapprobation:pos=NN:source=MPQA_Subjective_Word_List
disapproval:pos=JJ:source=MPQA_Subjective_Word_List
disapprove:pos=VB:source=MPQA_Subjective_Word_List
disapproving:pos=JJ:source=MPQA_Subjective_Word_List
disarray:pos=JJ:source=MPQA_Subjective_Word_List
disbelief:pos=NN:source=MPQA_Subjective_Word_List
disbelieve:pos=VB:source=MPQA_Subjective_Word_List
disbeliever:pos=NN:source=MPQA_Subjective_Word_List
disclaim:pos=VB:source=MPQA_Subjective_Word_List
discombobulate:pos=VB:source=MPQA_Subjective_Word_List
discomfit:pos=VB:source=MPQA_Subjective_Word_List
discomfititure:pos=NN:source=MPQA_Subjective_Word_List
discomfort:pos=NN:source=MPQA_Subjective_Word_List
disable:pos=VB:source=MPQA_Subjective_Word_List
disenfranchise:pos=VB:source=MPQA_Corpus
dismiss:pos=VB:source=MPQA_Corpus
dismissal:pos=NN:source=MPQA_Corpus
disregard:pos=VB:source=MPQA_Subjective_Word_List
discomposed:pos=JJ:source=MPQA_Subjective_Word_List
discompose:pos=VB:source=MPQA_Subjective_Word_List
disconcert:pos=VB:source=MPQA_Subjective_Word_List
disconcerted:pos=JJ:source=MPQA_Subjective_Word_List
disconcerting:pos=JJ:source=MPQA_Subjective_Word_List
disconcertingly:pos=RB:source=MPQA_Subjective_Word_List
disconsolate:pos=JJ:source=MPQA_Subjective_Word_List
disconsolately:pos=RB:source=MPQA_Subjective_Word_List
disconsolation:pos=NN:source=MPQA_Subjective_Word_List
discontent:pos=JJ:source=MPQA_Subjective_Word_List
discontented:pos=JJ:source=MPQA_Subjective_Word_List
discontentedly:pos=RB:source=MPQA_Subjective_Word_List
discontinuity:pos=JJ:source=MPQA_Subjective_Word_List
discord:pos=NN:source=MPQA_Subjective_Word_List
discordance:pos=NN:source=MPQA_Subjective_Word_List
discordant:pos=JJ:source=MPQA_Subjective_Word_List
discountenance:pos=NN:source=MPQA_Subjective_Word_List
discourage:pos=VB:source=MPQA_Subjective_Word_List
discouragement:pos=NN:source=MPQA_Subjective_Word_List
discouraging:pos=JJ:source=MPQA_Subjective_Word_List
discouragingly:pos=RB:source=MPQA_Subjective_Word_List
discourteous:pos=JJ:source=MPQA_Subjective_Word_List
discourteously:pos=JJ:source=MPQA_Subjective_Word_List
discredit:pos=VB:source=MPQA_Subjective_Word_List
discrepant:pos=JJ:source=MPQA_Subjective_Word_List
disdain:pos=NN:source=MPQA_Subjective_Word_List
disdainful:pos=JJ:source=MPQA_Subjective_Word_List
disdainfully:pos=RB:source=MPQA_Subjective_Word_List
disfavor:pos=VB:source=MPQA_Subjective_Word_List
disgrace:pos=NN:source=MPQA_Subjective_Word_List
disgraced:pos=JJ:source=MPQA_Subjective_Word_List
disgraceful:pos=JJ:source=MPQA_Subjective_Word_List
disgracefully:pos=RB:source=MPQA_Subjective_Word_List
disgruntle:pos=VB:source=MPQA_Subjective_Word_List
disgruntled:pos=JJ:source=MPQA_Subjective_Word_List
disgust:pos=NN:source=MPQA_Subjective_Word_List
disgusted:pos=JJ:source=MPQA_Subjective_Word_List
disgustedly:pos=RB:source=MPQA_Subjective_Word_List
disgustful:pos=JJ:source=MPQA_Subjective_Word_List
disgusting:pos=JJ:source=MPQA_Subjective_Word_List
disgustingly:pos=RB:source=MPQA_Subjective_Word_List
dishearten:pos=VB:source=MPQA_Subjective_Word_List
disheartening:pos=JJ:source=MPQA_Subjective_Word_List
dishearteningly:pos=RB:source=MPQA_Subjective_Word_List
dishonest:pos=JJ:source=MPQA_Subjective_Word_List
dishonestly:pos=RB:source=MPQA_Subjective_Word_List
dishonesty:pos=NN:source=MPQA_Subjective_Word_List
dishonor:pos=NN:source=MPQA_Subjective_Word_List
dishonorable:pos=JJ:source=MPQA_Subjective_Word_List
dishonorably:pos=RB:source=MPQA_Corpus
disillusion:pos=NN:source=MPQA_Subjective_Word_List
disillusioned:pos=JJ:source=MPQA_Subjective_Word_List
disinclination:pos=NN:source=MPQA_Subjective_Word_List
disinclined:pos=JJ:source=MPQA_Subjective_Word_List
disingenuous:pos=JJ:source=MPQA_Subjective_Word_List
disingenuously:pos=RB:source=MPQA_Subjective_Word_List
disintegrate:pos=VB:source=MPQA_Subjective_Word_List
disintegration:pos=NN:source=MPQA_Subjective_Word_List
disinterest:pos=NN:source=MPQA_Subjective_Word_List
disinterested:pos=JJ:source=MPQA_Subjective_Word_List
dislike:pos=VB:source=MPQA_Subjective_Word_List
dislocated:pos=JJ:source=MPQA_Subjective_Word_List
disloyal:pos=JJ:source=MPQA_Subjective_Word_List
disloyalty:pos=NN:source=MPQA_Subjective_Word_List
dismal:pos=JJ:source=MPQA_Subjective_Word_List
dismally:pos=RB:source=MPQA_Subjective_Word_List
dismalness:pos=NN:source=MPQA_Subjective_Word_List
dismay:pos=NN:source=MPQA_Subjective_Word_List
dismayed:pos=JJ:source=MPQA_Subjective_Word_List
dismaying:pos=VB:source=MPQA_Subjective_Word_List
dismissive:pos=JJ:source=MPQA_Subjective_Word_List
dismissively:pos=RB:source=MPQA_Subjective_Word_List
disobedience:pos=NN:source=MPQA_Subjective_Word_List
disobedient:pos=JJ:source=MPQA_Subjective_Word_List
disobey:pos=VB:source=MPQA_Subjective_Word_List
disorder:pos=NN:source=MPQA_Subjective_Word_List
disordered:pos=JJ:source=MPQA_Subjective_Word_List
disorderly:pos=JJ:source=MPQA_Subjective_Word_List
disorganize:pos=VB:source=MPQA_Corpus
disorient:pos=VB:source=MPQA_Subjective_Word_List
disoriented:pos=JJ:source=MPQA_Subjective_Word_List
disown:pos=VB:source=MPQA_Subjective_Word_List
disparage:pos=VB:source=MPQA_Subjective_Word_List
disparaging:pos=JJ:source=MPQA_Subjective_Word_List
disparagingly:pos=RB:source=MPQA_Subjective_Word_List
dispel:pos=VB:source=MPQA_Corpus
dispensable:pos=JJ:source=MPQA_Subjective_Word_List
dispirit:pos=VB:source=MPQA_Subjective_Word_List
dispirited:pos=JJ:source=MPQA_Subjective_Word_List
dispiritedly:pos=RB:source=MPQA_Subjective_Word_List
dispiriting:pos=VB:source=MPQA_Subjective_Word_List
displace:pos=VB:source=MPQA_Subjective_Word_List
displaced:pos=JJ:source=MPQA_Subjective_Word_List
displease:pos=VB:source=MPQA_Subjective_Word_List
displeasing:pos=JJ:source=MPQA_Subjective_Word_List
displeasure:pos=JJ:source=MPQA_Subjective_Word_List
disproportionate:pos=JJ:source=MPQA_Subjective_Word_List
disprove:pos=VB:source=MPQA_Subjective_Word_List
disputable:pos=JJ:source=MPQA_Subjective_Word_List
dispute:pos=NN:source=MPQA_Subjective_Word_List
disquiet:pos=VB:source=MPQA_Subjective_Word_List
disquieting:pos=JJ:source=MPQA_Subjective_Word_List
disquietingly:pos=RB:source=MPQA_Subjective_Word_List
disquietude:pos=NN:source=MPQA_Subjective_Word_List
disreputable:pos=JJ:source=MPQA_Subjective_Word_List
disrepute:pos=NN:source=MPQA_Subjective_Word_List
disrespect:pos=VB:source=MPQA_Subjective_Word_List
disrespectable:pos=JJ:source=MPQA_Subjective_Word_List
disrespectablity:pos=NN:source=MPQA_Subjective_Word_List
disrespectful:pos=JJ:source=MPQA_Subjective_Word_List
disrespectfully:pos=RB:source=MPQA_Subjective_Word_List
disrespectfulness:pos=NN:source=MPQA_Subjective_Word_List
disrupt:pos=VB:source=MPQA_Subjective_Word_List
disruption:pos=JJ:source=MPQA_Subjective_Word_List
disruptive:pos=JJ:source=MPQA_Subjective_Word_List
dissatisfaction:pos=JJ:source=MPQA_Subjective_Word_List
dissatisfactory:pos=JJ:source=MPQA_Subjective_Word_List
dissatisfied:pos=JJ:source=MPQA_Subjective_Word_List
dissatisfy:pos=VB:source=MPQA_Subjective_Word_List
dissatisfying:pos= :source=MPQA_Subjective_Word_List
dissemble:pos=VB:source=MPQA_Subjective_Word_List
dissembler:pos=NN:source=MPQA_Subjective_Word_List
dissension:pos=NN:source=MPQA_Subjective_Word_List
dissent:pos=JJ:source=MPQA_Subjective_Word_List
dissenter:pos=NN:source=MPQA_Subjective_Word_List
dissention:pos=NN:source=MPQA_Subjective_Word_List
disservice:pos=JJ:source=MPQA_Subjective_Word_List
dissolution:pos=NN:source=MPQA_Subjective_Word_List
dissuade:pos=VB:source=MPQA_Subjective_Word_List
dissuasive:pos=JJ:source=MPQA_Subjective_Word_List
distaste:pos=NN:source=MPQA_Subjective_Word_List
distasteful:pos=JJ:source=MPQA_Subjective_Word_List
distastefully:pos=RB:source=MPQA_Subjective_Word_List
distrust:pos=VB:source=MPQA_Subjective_Word_List
distrustful:pos=JJ:source=MPQA_Subjective_Word_List
distrusting:pos=VB:source=MPQA_Subjective_Word_List
disunity:pos=NN:source=MPQA_Subjective_Word_List
disvalue:pos=NN:source=MPQA_Subjective_Word_List
endless:pos=JJ:source=MPQA_Subjective_Word_List
illegal:pos=JJ:source=MPQA_Subjective_Word_List
illegally:pos=RB:source=MPQA_Subjective_Word_List
illegitimate:pos=JJ:source=MPQA_Subjective_Word_List
impartial:pos=JJ:source=MPQA_Subjective_Word_List
impatience:pos=NN:source=MPQA_Subjective_Word_List
impatient:pos=JJ:source=MPQA_Subjective_Word_List
immaterial:pos=JJ:source=MPQA_Subjective_Word_List
impatiently:pos=RB:source=MPQA_Subjective_Word_List
impenetrable:pos=RB:source=MPQA_Subjective_Word_List
inaccessible:pos=JJ:source=MPQA_Subjective_Word_List
inaccuracies:pos=NN:source=MPQA_Subjective_Word_List
inaccuracy:pos=NN:source=MPQA_Subjective_Word_List
inaccurate:pos=JJ:source=MPQA_Subjective_Word_List
inaccurately:pos=RB:source=MPQA_Subjective_Word_List
inaction:pos=NN:source=MPQA_Subjective_Word_List
inactive:pos=JJ:source=MPQA_Subjective_Word_List
inadequacy:pos=NN:source=MPQA_Subjective_Word_List
inadequate:pos=JJ:source=MPQA_Subjective_Word_List
inadequately:pos=RB:source=MPQA_Subjective_Word_List
inadverent:pos=JJ:source=MPQA_Subjective_Word_List
inadverently:pos=RB:source=MPQA_Subjective_Word_List
inadvisable:pos=JJ:source=MPQA_Subjective_Word_List
inadvisably:pos=RB:source=MPQA_Subjective_Word_List
inalienable:pos=JJ:source=MPQA_Subjective_Word_List
inappropriate:pos=JJ:source=MPQA_Subjective_Word_List
inappropriately:pos=RB:source=MPQA_Subjective_Word_List
inaptitude:pos=NN:source=MPQA_Subjective_Word_List
inarguable:pos=JJ:source=MPQA_Subjective_Word_List
inarguably:pos=RB:source=MPQA_Subjective_Word_List
inarticulate:pos=JJ:source=MPQA_Subjective_Word_List
infrequent:pos=JJ:source=MPQA_Subjective_Word_List
incredible:pos=JJ:source=MPQA_Subjective_Word_List
incredulously:pos=RB:source=MPQA_Subjective_Word_List
inattentive:pos=JJ:source=MPQA_Subjective_Word_List
incautious:pos=JJ:source=MPQA_Subjective_Word_List
incivility:pos=NN:source=MPQA_Subjective_Word_List
incognizant:pos=JJ:source=MPQA_Subjective_Word_List
incoherence:pos=NN:source=MPQA_Subjective_Word_List
incoherent:pos=JJ:source=MPQA_Subjective_Word_List
incoherently:pos=JJ:source=MPQA_Subjective_Word_List
incommensurate:pos=JJ:source=MPQA_Subjective_Word_List
incomparable:pos=JJ:source=MPQA_Subjective_Word_List
incomparably:pos=RB:source=MPQA_Subjective_Word_List
incompatibility:pos=NN:source=MPQA_Subjective_Word_List
incompatible:pos=JJ:source=MPQA_Subjective_Word_List
incompetent:pos=JJ:source=MPQA_Subjective_Word_List
incompetently:pos=RB:source=MPQA_Subjective_Word_List
incomplete:pos=JJ:source=MPQA_Subjective_Word_List
incompliant:pos=JJ:source=MPQA_Subjective_Word_List
incomprehensible:pos=JJ:source=MPQA_Subjective_Word_List
incomprehension:pos=NN:source=MPQA_Subjective_Word_List
inconceivable:pos=JJ:source=MPQA_Subjective_Word_List
inconceivably:pos=RB:source=MPQA_Subjective_Word_List
inconclusive:pos=JJ:source=MPQA_Subjective_Word_List
incongruous:pos=JJ:source=MPQA_Subjective_Word_List
incongruously:pos=RB:source=MPQA_Subjective_Word_List
inconsequent:pos=JJ:source=MPQA_Subjective_Word_List
inconsequential:pos=JJ:source=MPQA_Subjective_Word_List
inconsequentially:pos=RB:source=MPQA_Subjective_Word_List
inconsequently:pos=RB:source=MPQA_Subjective_Word_List
inconsiderate:pos=JJ:source=MPQA_Subjective_Word_List
inconsiderately:pos=RB:source=MPQA_Subjective_Word_List
inconsolable:pos=JJ:source=MPQA_Subjective_Word_List
inconsolably:pos=RB:source=MPQA_Subjective_Word_List
inconstant:pos=JJ:source=MPQA_Subjective_Word_List
incontestable:pos=JJ:source=MPQA_Subjective_Word_List
incontrovertible:pos=JJ:source=MPQA_Subjective_Word_List
inconvenience:pos=JJ:source=MPQA_Subjective_Word_List
inconvenient:pos=JJ:source=MPQA_Subjective_Word_List
inconveniently:pos=RB:source=MPQA_Subjective_Word_List
incorrect:pos=JJ:source=MPQA_Subjective_Word_List
incorrectly:pos=RB:source=MPQA_Subjective_Word_List
incorrigible:pos=JJ:source=MPQA_Subjective_Word_List
incorrigibly:pos=RB:source=MPQA_Subjective_Word_List
incorruptible:pos=JJ:source=MPQA_Subjective_Word_List
indecency:pos=NN:source=MPQA_Subjective_Word_List
indecent:pos=JJ:source=MPQA_Subjective_Word_List
indecently:pos=RB:source=MPQA_Subjective_Word_List
indecorum:pos=NN:source=MPQA_Subjective_Word_List
indefatigable:pos=JJ:source=MPQA_Subjective_Word_List
indefensible:pos=JJ:source=MPQA_Subjective_Word_List
indelible:pos=JJ:source=MPQA_Subjective_Word_List
indelibly:pos=JJ:source=MPQA_Subjective_Word_List
indelicate:pos=JJ:source=MPQA_Subjective_Word_List
indeterminable:pos=JJ:source=MPQA_Subjective_Word_List
indeterminably:pos=RB:source=MPQA_Subjective_Word_List
indeterminate:pos=JJ:source=MPQA_Subjective_Word_List
indifference:pos=NN:source=MPQA_Subjective_Word_List
indifferent:pos=JJ:source=MPQA_Subjective_Word_List
indignant:pos=JJ:source=MPQA_Subjective_Word_List
indignantly:pos=RB:source=MPQA_Subjective_Word_List
indignation:pos=NN:source=MPQA_Subjective_Word_List
indignity:pos=JJ:source=MPQA_Subjective_Word_List
indirect:pos=JJ:source=MPQA_Subjective_Word_List
indiscernible:pos=JJ:source=MPQA_Subjective_Word_List
indiscreet:pos=JJ:source=MPQA_Subjective_Word_List
indiscreetly:pos=RB:source=MPQA_Subjective_Word_List
indiscretion:pos=NN:source=MPQA_Subjective_Word_List
indiscriminate:pos=JJ:source=MPQA_Subjective_Word_List
indiscriminately:pos=RB:source=MPQA_Subjective_Word_List
indiscriminating:pos=JJ:source=MPQA_Subjective_Word_List
indispensability:pos=NN:source=MPQA_Subjective_Word_List
indispensable:pos=JJ:source=MPQA_Subjective_Word_List
indisposed:pos=JJ:source=MPQA_Subjective_Word_List
indisputable:pos=JJ:source=MPQA_Subjective_Word_List
indistinct:pos=JJ:source=MPQA_Subjective_Word_List
indistinctive:pos=JJ:source=MPQA_Subjective_Word_List
ineffective:pos=JJ:source=MPQA_Subjective_Word_List
ineffectively:pos=RB:source=MPQA_Subjective_Word_List
ineffectiveness:pos=NN:source=MPQA_Subjective_Word_List
ineffectual:pos=JJ:source=MPQA_Subjective_Word_List
ineffectually:pos=RB:source=MPQA_Subjective_Word_List
ineffectualness:pos=NN:source=MPQA_Subjective_Word_List
inefficacious:pos=JJ:source=MPQA_Subjective_Word_List
inefficacy:pos=NN:source=MPQA_Subjective_Word_List
inefficiency:pos=NN:source=MPQA_Subjective_Word_List
inefficient:pos=JJ:source=MPQA_Subjective_Word_List
inefficiently:pos=RB:source=MPQA_Subjective_Word_List
inelegance:pos=NN:source=MPQA_Subjective_Word_List
inelegant:pos=JJ:source=MPQA_Subjective_Word_List
ineligible:pos=JJ:source=MPQA_Subjective_Word_List
ineloquent:pos=JJ:source=MPQA_Subjective_Word_List
ineloquently:pos=RB:source=MPQA_Subjective_Word_List
inept:pos=JJ:source=MPQA_Subjective_Word_List
inequality:pos=JJ:source=MPQA_Subjective_Word_List
inequitable:pos=JJ:source=MPQA_Subjective_Word_List
inequitably:pos=RB:source=MPQA_Subjective_Word_List
inequities:pos=JJ:source=MPQA_Subjective_Word_List
inescapable:pos=JJ:source=MPQA_Subjective_Word_List
inescapably:pos=JJ:source=MPQA_Subjective_Word_List
inessential:pos=JJ:source=MPQA_Subjective_Word_List
inestimable:pos=JJ:source=MPQA_Subjective_Word_List
inestimably:pos=RB:source=MPQA_Subjective_Word_List
inevitable:pos=JJ:source=MPQA_Subjective_Word_List
inevitably:pos=RB:source=MPQA_Subjective_Word_List
inexact:pos=JJ:source=MPQA_Subjective_Word_List
inexcusable:pos=JJ:source=MPQA_Subjective_Word_List
inexcusably:pos=RB:source=MPQA_Subjective_Word_List
inexorable:pos=JJ:source=MPQA_Subjective_Word_List
inexorably:pos=RB:source=MPQA_Subjective_Word_List
inexperience:pos=NN:source=MPQA_Subjective_Word_List
inexperienced:pos=JJ:source=MPQA_Subjective_Word_List
inexpert:pos=JJ:source=MPQA_Subjective_Word_List
inexpertly:pos=RB:source=MPQA_Subjective_Word_List
inexpiable:pos=JJ:source=MPQA_Subjective_Word_List
inexplainable:pos=JJ:source=MPQA_Subjective_Word_List
inexplicable:pos=JJ:source=MPQA_Subjective_Word_List
inextricable:pos=JJ:source=MPQA_Subjective_Word_List
inextricably:pos=RB:source=MPQA_Subjective_Word_List
inflexible:pos=JJ:source=MPQA_Subjective_Word_List
inglorious:pos=JJ:source=MPQA_Subjective_Word_List
ingratitude:pos=NN:source=MPQA_Subjective_Word_List
inhospitable:pos=JJ:source=MPQA_Subjective_Word_List
inhospitality:pos=NN:source=MPQA_Subjective_Word_List
inhuman:pos=JJ:source=MPQA_Subjective_Word_List
inhumane:pos=JJ:source=MPQA_Subjective_Word_List
inhumanity:pos=NN:source=MPQA_Subjective_Word_List
injustice:pos=JJ:source=MPQA_Subjective_Word_List
inoffensive:pos=JJ:source=MPQA_Subjective_Word_List
inopportune:pos=JJ:source=MPQA_Subjective_Word_List
insane:pos=JJ:source=MPQA_Subjective_Word_List
insanely:pos=RB:source=MPQA_Subjective_Word_List
insanity:pos=NN:source=MPQA_Subjective_Word_List
insatiable:pos=JJ:source=MPQA_Subjective_Word_List
insecure:pos=JJ:source=MPQA_Subjective_Word_List
insecurity:pos=JJ:source=MPQA_Subjective_Word_List
insensible:pos=JJ:source=MPQA_Subjective_Word_List
insensitive:pos=JJ:source=MPQA_Subjective_Word_List
insensitively:pos=RB:source=MPQA_Subjective_Word_List
insensitivity:pos=JJ:source=MPQA_Subjective_Word_List
insignificance:pos=NN:source=MPQA_Subjective_Word_List
insignificant:pos=JJ:source=MPQA_Subjective_Word_List
insignificantly:pos=RB:source=MPQA_Subjective_Word_List
insincere:pos=JJ:source=MPQA_Subjective_Word_List
insincerely:pos=RB:source=MPQA_Subjective_Word_List
insincerity:pos=NN:source=MPQA_Subjective_Word_List
insociable:pos=JJ:source=MPQA_Subjective_Word_List
instability:pos=NN:source=MPQA_Subjective_Word_List
instable:pos=JJ:source=MPQA_Subjective_Word_List
insubordinate:pos=JJ:source=MPQA_Subjective_Word_List
insubstantial:pos=JJ:source=MPQA_Subjective_Word_List
insubstantially:pos=RB:source=MPQA_Subjective_Word_List
insufferable:pos=JJ:source=MPQA_Subjective_Word_List
insufferably:pos=RB:source=MPQA_Subjective_Word_List
insupportable:pos=JJ:source=MPQA_Subjective_Word_List
insupportably:pos=RB:source=MPQA_Subjective_Word_List
insurmountable:pos=JJ:source=MPQA_Subjective_Word_List
insurmountably:pos=RB:source=MPQA_Subjective_Word_List
intolerable:pos=JJ:source=MPQA_Subjective_Word_List
intolerably:pos=RB:source=MPQA_Corpus
intolerance:pos=NN:source=MPQA_Subjective_Word_List
intolerant:pos=JJ:source=MPQA_Subjective_Word_List
intractable:pos=JJ:source=MPQA_Subjective_Word_List
involuntarily:pos=RB:source=MPQA_Subjective_Word_List
involuntary:pos=JJ:source=MPQA_Subjective_Word_List
invulnerable:pos=JJ:source=MPQA_Subjective_Word_List
irreconcilable:pos=JJ:source=MPQA_Subjective_Word_List
irreconcilably:pos=RB:source=MPQA_Corpus
irregularity:pos=NN:source=MPQA_Subjective_Word_List
irrelevant:pos=JJ:source=MPQA_Subjective_Word_List
irresponsible:pos=JJ:source=MPQA_Subjective_Word_List
irreversible:pos=JJ:source=MPQA_Subjective_Word_List
landless:pos=JJ:source=MPQA_Corpus
nongovernmental:pos=JJ:source=MPQA_Corpus
non-governmental:pos=JJ:source=MPQA_Corpus
non-combat:pos=JJ:source=MPQA_Corpus
non-starter:pos=NN:source=MPQA_Corpus
nonstarter:pos=NN:source=MPQA_Corpus
nonsense:pos=NN:source=MPQA_Subjective_Word_List
non-adherence:pos=NN:source=MPQA_Subjective_Word_List
non-recognition:pos=NN:source=MPQA_Subjective_Word_List
reckless:pos=JJ:source=MPQA_Subjective_Word_List
unabashed:pos=JJ:source=MPQA_Subjective_Word_List
unambitious:pos=JJ:source=MPQA_Subjective_Word_List
untenanted:pos=JJ:source=MPQA_Subjective_Word_List
unimaginative:pos=JJ:source=MPQA_Subjective_Word_List
unknown:pos=JJ:source=MPQA_Subjective_Word_List
unabashedly:pos=RB:source=MPQA_Subjective_Word_List
unacceptable:pos=JJ:source=MPQA_Subjective_Word_List
unacceptably:pos=RB:source=MPQA_Corpus
unaccustomed:pos=JJ:source=MPQA_Subjective_Word_List
unassailable:pos=JJ:source=MPQA_Subjective_Word_List
unattractive:pos=JJ:source=MPQA_Subjective_Word_List
unaudited:pos=JJ:source=MPQA_Subjective_Word_List
unauthentic:pos=JJ:source=MPQA_Subjective_Word_List
unavailable:pos=JJ:source=MPQA_Subjective_Word_List
unavoidable:pos=JJ:source=MPQA_Subjective_Word_List
unavoidably:pos=RB:source=MPQA_Subjective_Word_List
unbearable:pos=JJ:source=MPQA_Subjective_Word_List
unbearably:pos=RB:source=MPQA_Corpus
unbelievable:pos=JJ:source=MPQA_Subjective_Word_List
unbelievably:pos=RB:source=MPQA_Subjective_Word_List
unbiased:pos=JJ:source=MPQA_Subjective_Word_List
unbosom:pos=VB:source=MPQA_Subjective_Word_List
unbound:pos=JJ:source=MPQA_Subjective_Word_List
unbroken:pos=JJ:source=MPQA_Subjective_Word_List
unchanged:pos=JJ:source=MPQA_Corpus
uncivil:pos=JJ:source=MPQA_Subjective_Word_List
uncivilized:pos=JJ:source=MPQA_Subjective_Word_List
unclean:pos=JJ:source=MPQA_Subjective_Word_List
unclear:pos=JJ:source=MPQA_Subjective_Word_List
uncollectible:pos=JJ:source=MPQA_Subjective_Word_List
uncomfortable:pos=JJ:source=MPQA_Subjective_Word_List
uncommon:pos=JJ:source=MPQA_Subjective_Word_List
uncompetitive:pos=JJ:source=MPQA_Subjective_Word_List
uncompromising:pos=JJ:source=MPQA_Subjective_Word_List
uncompromisingly:pos=RB:source=MPQA_Subjective_Word_List
unconcerned:pos=JJ:source=MPQA_Subjective_Word_List
unconditional:pos=JJ:source=MPQA_Subjective_Word_List
unconfirmed:pos=JJ:source=MPQA_Subjective_Word_List
unconstitutional:pos=JJ:source=MPQA_Subjective_Word_List
uncontrolled:pos=JJ:source=MPQA_Subjective_Word_List
unconventional:pos=JJ:source=MPQA_Subjective_Word_List
unconvinced:pos=JJ:source=MPQA_Corpus
unconvincing:pos=JJ:source=MPQA_Subjective_Word_List
unconvincingly:pos=RB:source=MPQA_Subjective_Word_List
uncouth:pos=JJ:source=MPQA_Subjective_Word_List
undaunted:pos=JJ:source=MPQA_Subjective_Word_List
undemocratic:pos=JJ:source=MPQA_Corpus
undemocratically:pos=RB:source=MPQA_Corpus
undependability:pos=NN:source=MPQA_Subjective_Word_List
undependable:pos=JJ:source=MPQA_Subjective_Word_List
undesirable:pos=JJ:source=MPQA_Subjective_Word_List
undetermined:pos=JJ:source=MPQA_Subjective_Word_List
undid:pos=VB:source=MPQA_Subjective_Word_List
undignified:pos=JJ:source=MPQA_Subjective_Word_List
undisputable:pos=JJ:source=MPQA_Subjective_Word_List
undisputably:pos=RB:source=MPQA_Subjective_Word_List
undisputed:pos=JJ:source=MPQA_Subjective_Word_List
undo:pos=VB:source=MPQA_Subjective_Word_List
undocumented:pos=JJ:source=MPQA_Subjective_Word_List
undue:pos=JJ:source=MPQA_Subjective_Word_List
unease:pos=JJ:source=MPQA_Subjective_Word_List
uneasily:pos=RB:source=MPQA_Subjective_Word_List
uneasiness:pos=JJ:source=MPQA_Subjective_Word_List
uneasy:pos=JJ:source=MPQA_Subjective_Word_List
uneconomical:pos=JJ:source=MPQA_Subjective_Word_List
unemployed:pos=JJ:source=MPQA_Corpus
unemployment:pos=NN:source=MPQA_Corpus
unencumbered:pos=JJ:source=MPQA_Subjective_Word_List
unequal:pos=JJ:source=MPQA_Subjective_Word_List
unequivocal:pos=JJ:source=MPQA_Subjective_Word_List
unequivocally:pos=RB:source=MPQA_Subjective_Word_List
unethical:pos=JJ:source=MPQA_Subjective_Word_List
uneven:pos=JJ:source=MPQA_Subjective_Word_List
uneventful:pos=JJ:source=MPQA_Subjective_Word_List
unexpected:pos=JJ:source=MPQA_Subjective_Word_List
unexpectedly:pos=RB:source=MPQA_Subjective_Word_List
unexplained:pos=JJ:source=MPQA_Subjective_Word_List
unfair:pos=JJ:source=MPQA_Subjective_Word_List
unfairly:pos=RB:source=MPQA_Subjective_Word_List
unfaithful:pos=JJ:source=MPQA_Subjective_Word_List
unfaithfully:pos=RB:source=MPQA_Subjective_Word_List
unfamiliar:pos=JJ:source=MPQA_Subjective_Word_List
unfaithful:pos=JJ:source=MPQA_Subjective_Word_List
unfavorable:pos=JJ:source=MPQA_Subjective_Word_List
unfeeling:pos=JJ:source=MPQA_Subjective_Word_List
unfettered:pos=JJ:source=MPQA_Subjective_Word_List
unfinished:pos=JJ:source=MPQA_Subjective_Word_List
unfit:pos=JJ:source=MPQA_Subjective_Word_List
unforeseen:pos=JJ:source=MPQA_Subjective_Word_List
unforgettable:pos=JJ:source=MPQA_Subjective_Word_List
unfortunate:pos=JJ:source=MPQA_Subjective_Word_List
unfortunately:pos=RB:source=MPQA_Subjective_Word_List
unfounded:pos=JJ:source=MPQA_Subjective_Word_List
unfriendly:pos=JJ:source=MPQA_Subjective_Word_List
unfulfilled:pos=JJ:source=MPQA_Subjective_Word_List
unfunded:pos=JJ:source=MPQA_Subjective_Word_List
ungovernable:pos=JJ:source=MPQA_Subjective_Word_List
ungrateful:pos=JJ:source=MPQA_Subjective_Word_List
unhappily:pos=RB:source=MPQA_Subjective_Word_List
unhappiness:pos=NN:source=MPQA_Subjective_Word_List
unhappy:pos=JJ:source=MPQA_Subjective_Word_List
unhealthy:pos=JJ:source=MPQA_Subjective_Word_List
unimaginable:pos=JJ:source=MPQA_Subjective_Word_List
unimaginably:pos=RB:source=MPQA_Subjective_Word_List
unimportant:pos=JJ:source=MPQA_Subjective_Word_List
uninformed:pos=JJ:source=MPQA_Subjective_Word_List
uninhabit:pos=VB:source=MPQA_Corpus
uninsured:pos=JJ:source=MPQA_Subjective_Word_List
unjust:pos=JJ:source=MPQA_Subjective_Word_List
unjustifiable:pos=JJ:source=MPQA_Subjective_Word_List
unjustifiably:pos=RB:source=MPQA_Subjective_Word_List
unjustified:pos=JJ:source=MPQA_Subjective_Word_List
unjustly:pos=RB:source=MPQA_Subjective_Word_List
unkind:pos=JJ:source=MPQA_Subjective_Word_List
unkindly:pos=RB:source=MPQA_Subjective_Word_List
unlamentable:pos=JJ:source=MPQA_Subjective_Word_List
unlamentably:pos=RB:source=MPQA_Subjective_Word_List
unlawful:pos=JJ:source=MPQA_Subjective_Word_List
unlawfully:pos=RB:source=MPQA_Subjective_Word_List
unlawfulness:pos=JJ:source=MPQA_Subjective_Word_List
unleash:pos=VB:source=MPQA_Subjective_Word_List
unlicensed:pos=JJ:source=MPQA_Subjective_Word_List
unlike:pos=IN:source=MPQA_Corpus
unlimited:pos=JJ:source=MPQA_Subjective_Word_List
unluckiest:pos=JJ:source=MPQA_Corpus
unlucky:pos=JJ:source=MPQA_Subjective_Word_List
unmistakeable:pos=JJ:source=MPQA_Corpus
unmoved:pos=JJ:source=MPQA_Subjective_Word_List
unmonitorable:pos=VB:source=MPQA_Corpus
unnatural:pos=JJ:source=MPQA_Subjective_Word_List
unnaturally:pos=RB:source=MPQA_Subjective_Word_List
unnecessary:pos=JJ:source=MPQA_Subjective_Word_List
unneeded:pos=JJ:source=MPQA_Subjective_Word_List
unnerve:pos=VB:source=MPQA_Subjective_Word_List
unnerving:pos=JJ:source=MPQA_Subjective_Word_List
unnervingly:pos=RB:source=MPQA_Subjective_Word_List
unnoticed:pos=JJ:source=MPQA_Subjective_Word_List
unobserved:pos=JJ:source=MPQA_Subjective_Word_List
unofficial:pos=JJ:source=MPQA_Corpus
unorthodox:pos=JJ:source=MPQA_Subjective_Word_List
unorthodoxy:pos=NN:source=MPQA_Subjective_Word_List
unparalleled:pos=JJ:source=MPQA_Subjective_Word_List
unpleasant:pos=JJ:source=MPQA_Subjective_Word_List
unpleasantries:pos=JJ:source=MPQA_Subjective_Word_List
unpopular:pos=JJ:source=MPQA_Subjective_Word_List
unprecedent:pos=JJ:source=MPQA_Subjective_Word_List
unprecedented:pos=JJ:source=MPQA_Subjective_Word_List
unpredictable:pos=JJ:source=MPQA_Subjective_Word_List
unpractical:pos=JJ:source=MPQA_Subjective_Word_List
unprepared:pos=JJ:source=MPQA_Subjective_Word_List
unpretentious:pos=JJ:source=MPQA_Subjective_Word_List
unproductive:pos=JJ:source=MPQA_Subjective_Word_List
unprofitable:pos=JJ:source=MPQA_Subjective_Word_List
unqualified:pos=JJ:source=MPQA_Subjective_Word_List
unquantifiable:pos=JJ:source=MPQA_Corpus
unquestionable:pos=JJ:source=MPQA_Subjective_Word_List
unquestionably:pos=RB:source=MPQA_Subjective_Word_List
unravel:pos=JJ:source=MPQA_Subjective_Word_List
unraveled:pos=JJ:source=MPQA_Subjective_Word_List
unrealistic:pos=JJ:source=MPQA_Subjective_Word_List
unreasonable:pos=JJ:source=MPQA_Subjective_Word_List
unreasonably:pos=RB:source=MPQA_Subjective_Word_List
unrelenting:pos=JJ:source=MPQA_Subjective_Word_List
unrelentingly:pos=RB:source=MPQA_Subjective_Word_List
unreliability:pos=JJ:source=MPQA_Subjective_Word_List
unreliable:pos=JJ:source=MPQA_Subjective_Word_List
unresolved:pos=JJ:source=MPQA_Subjective_Word_List
unrest:pos=NN:source=MPQA_Subjective_Word_List
unrestricted:pos=JJ:source=MPQA_Subjective_Word_List
unruly:pos=JJ:source=MPQA_Subjective_Word_List
unsafe:pos=JJ:source=MPQA_Subjective_Word_List
unsatisfactory:pos=JJ:source=MPQA_Subjective_Word_List
unsatisfy:pos=VB:source=MPQA_Corpus
unsavory:pos=JJ:source=MPQA_Subjective_Word_List
unscathed:pos=JJ:source=MPQA_Subjective_Word_List
unscrupulous:pos=JJ:source=MPQA_Subjective_Word_List
unscrupulously:pos=RB:source=MPQA_Subjective_Word_List
unseemly:pos=JJ:source=MPQA_Subjective_Word_List
unselfish:pos=JJ:source=MPQA_Subjective_Word_List
unsettle:pos=VB:source=MPQA_Subjective_Word_List
unsettled:pos=JJ:source=MPQA_Subjective_Word_List
unsettlingly:pos=RB:source=MPQA_Subjective_Word_List
unskilled:pos=JJ:source=MPQA_Subjective_Word_List
unsophisticated:pos=JJ:source=MPQA_Subjective_Word_List
unsound:pos=JJ:source=MPQA_Subjective_Word_List
unspeakable:pos=JJ:source=MPQA_Subjective_Word_List
unspeakably:pos=RB:source=MPQA_Corpus
unspecified:pos=JJ:source=MPQA_Subjective_Word_List
unstable:pos=JJ:source=MPQA_Subjective_Word_List
unsteadily:pos=RB:source=MPQA_Subjective_Word_List
unsteadiness:pos=NN:source=MPQA_Subjective_Word_List
unsteady:pos=JJ:source=MPQA_Subjective_Word_List
unsuccessful:pos=JJ:source=MPQA_Subjective_Word_List
unsuccessfully:pos=RB:source=MPQA_Subjective_Word_List
unsupported:pos=JJ:source=MPQA_Subjective_Word_List
unsuspecting:pos=JJ:source=MPQA_Subjective_Word_List
unsustainable:pos=JJ:source=MPQA_Subjective_Word_List
untenable:pos=JJ:source=MPQA_Subjective_Word_List
untested:pos=JJ:source=MPQA_Subjective_Word_List
unthinkable:pos=JJ:source=MPQA_Subjective_Word_List
unthinkably:pos=RB:source=MPQA_Subjective_Word_List
untimely:pos=JJ:source=MPQA_Subjective_Word_List
untouched:pos=JJ:source=MPQA_Subjective_Word_List
untrained:pos=JJ:source=MPQA_Subjective_Word_List
untrue:pos=JJ:source=MPQA_Subjective_Word_List
untrustworthy:pos=JJ:source=MPQA_Subjective_Word_List
untruthful:pos=JJ:source=MPQA_Subjective_Word_List
unusual:pos=JJ:source=MPQA_Subjective_Word_List
unusually:pos=RB:source=MPQA_Subjective_Word_List
unwanted:pos=JJ:source=MPQA_Subjective_Word_List
unwarranted:pos=JJ:source=MPQA_Subjective_Word_List
unwavering:pos=JJ:source=MPQA_Corpus
unwaveringly:pos=RB:source=MPQA_Corpus
unwelcome:pos=JJ:source=MPQA_Subjective_Word_List
unwieldy:pos=JJ:source=MPQA_Subjective_Word_List
unwise:pos=JJ:source=MPQA_Subjective_Word_List
unwisely:pos=RB:source=MPQA_Subjective_Word_List
unworkable:pos=JJ:source=MPQA_Subjective_Word_List
unworthy:pos=JJ:source=MPQA_Subjective_Word_List
unyield:pos=VB:source=MPQA_Corpus
unyielding:pos=JJ:source=MPQA_Subjective_Word_List
worthless:pos=JJ:source=MPQA_Subjective_Word_List
useless:pos=JJ:source=MPQA_Subjective_Word_List
lifeless:pos=JJ:source=MPQA_Subjective_Word_List
uncertain:pos=JJ:source=MPQA_Subjective_Word_List
uncertainly:pos=RB:source=Not_Defined
uncertainty:pos=NN:source=Not_Defined
undecided:pos=JJ:source=Not_Defined
undefined:pos=JJ:source=MPQA_Subjective_Word_List
undeniable:pos=JJ:source=Not_Defined
undeniably:pos=RB:source=Not_Defined
undoubted:pos=JJ:source=MPQA_Subjective_Word_List
undoubtedly:pos=RB:source=MPQA_Subjective_Word_List
unlikelihood:pos=NN:source=Not_Defined
unlikely:pos=JJ:source=MPQA_Subjective_Word_List
unsure:pos=JJ:source=MPQA_Subjective_Word_List
unsurely:pos=RB:source=Not_Defined
unsureness:pos=NN:source=Not_Defined
unwilling:pos=JJ:source=MPQA_Subjective_Word_List
unwillingly:pos=RB:source=MPQA_Subjective_Word_List
unwillingness:pos=NN:source=MPQA_Subjective_Word_List
impossibility:pos=NN:source=Not_Defined
impossibly:pos=RB:source=MPQA_Subjective_Word_List
improbability:pos=NN:source=MPQA_Subjective_Word_List
improbable:pos=JJ:source=MPQA_Subjective_Word_List
inability:pos=NN:source=MPQA_Subjective_Word_List
incapable:pos=JJ:source=MPQA_Subjective_Word_List
incapably:pos=RB:source=MPQA_Subjective_Word_List
inconsistence:pos=NN:source=MPQA_Subjective_Word_List
inconsistency:pos=NN:source=MPQA_Subjective_Word_List
inconsistent:pos=JJ:source=MPQA_Subjective_Word_List
inconsistently:pos=RB:source=Not_Defined
indecision:pos=NN:source=MPQA_Subjective_Word_List
indecisive:pos=JJ:source=MPQA_Subjective_Word_List
indecisively:pos=RB:source=MPQA_Subjective_Word_List
infallible:pos=JJ:source=MPQA_Subjective_Word_List
insufficiency:pos=NN:source=MPQA_Subjective_Word_List
insufficient:pos=JJ:source=MPQA_Subjective_Word_List
inadvertently:pos=JJ:source=MPQA_Subjective_Word_List
insufficiently:pos=RB:source=MPQA_Subjective_Word_List
godless:pos=JJ:source=MPQA_Subjective_Word_List
breathless:pos=JJ:source=MPQA_Subjective_Word_List
breathlessness:pos=JJ:source=MPQA_Subjective_Word_List
careless:pos=JJ:source=MPQA_Subjective_Word_List
carelessness:pos=JJ:source=MPQA_Subjective_Word_List
motionless:pos=JJ:source=MPQA_Subjective_Word_List
restless:pos=JJ:source=MPQA_Subjective_Word_List
restlessly:pos=JJ:source=MPQA_Subjective_Word_List
helpless:pos=JJ:source=MPQA_Subjective_Word_List
harmless:pos=JJ:source=MPQA_Subjective_Word_List
coulourless:pos=JJ:source=MPQA_Subjective_Word_List
godless:pos=JJ:source=MPQA_Subjective_Word_List
windless:pos=JJ:source=MPQA_Subjective_Word_List
hopeless:pos=JJ:source=MPQA_Subjective_Word_List
shelterless:pos=JJ:source=MPQA_Subjective_Word_List
unmarried:pos=JJ:source=MPQA_Subjective_Word_List
uninteresting:pos=JJ:source=MPQA_Subjective_Word_List
uninterested:pos=JJ:source=MPQA_Subjective_Word_List
unconcernedly:pos=JJ:source=MPQA_Subjective_Word_List
unconcern:pos=NN:source=MPQA_Subjective_Word_List
unconcerned:pos=JJ:source=MPQA_Subjective_Word_List
unemotional:pos=JJ:source=MPQA_Subjective_Word_List
unfruitful:pos=JJ:source=MPQA_Subjective_Word_List
unwarlike:pos=JJ:source=MPQA_Subjective_Word_List
unfurnished:pos=JJ:source=MPQA_Subjective_Word_List
unoccupied:pos=JJ:source=MPQA_Subjective_Word_List
unmitigated:pos=JJ:source=MPQA_Subjective_Word_List
unseen:pos=JJ:source=MPQA_Subjective_Word_List
uncomfortably:pos=JJ:source=MPQA_Subjective_Word_List
unsigned:pos=JJ:source=MPQA_Subjective_Word_List
undecieved:pos=JJ:source=MPQA_Subjective_Word_List
uncurtained:pos=JJ:source=MPQA_Subjective_Word_List
unconscious:pos=JJ:source=MPQA_Subjective_Word_List
unexplored:pos=JJ:source=MPQA_Subjective_Word_List
unmistakable:pos=JJ:source=MPQA_Subjective_Word_List
uncontrollable:pos=JJ:source=MPQA_Subjective_Word_List
infinite:pos=JJ:source=MPQA_Subjective_Word_List
incredible:pos=JJ:source=MPQA_Subjective_Word_List
invisible:pos=JJ:source=MPQA_Subjective_Word_List
interminable:pos=JJ:source=MPQA_Subjective_Word_List
indescribably:pos=JJ:source=MPQA_Subjective_Word_List
inscrutable:pos=JJ:source=MPQA_Subjective_Word_List
irretrivable:pos=JJ:source=MPQA_Subjective_Word_List
irretrivably:pos=RB:source=MPQA_Subjective_Word_List
irrevocable:pos=JJ:source=MPQA_Subjective_Word_List
immutable:pos=JJ:source=MPQA_Subjective_Word_List
imprudent:pos=JJ:source=MPQA_Subjective_Word_List
disfavour:pos=JJ:source=MPQA_Subjective_Word_List
disconnected:pos=JJ:source=MPQA_Subjective_Word_List
nonsense:pos=JJ:source=MPQA_Subjective_Word_List
powerless:pos=JJ:source=MPQA_Subjective_Word_List
invalidate:pos=VB:source=MPQA_Subjective_Word_List
disabled:pos=JJ:source=MPQA_Subjective_Word_List
senseless:pos=JJ:source=MPQA_Subjective_Word_List
carpetless:pos=JJ:source=MPQA_Subjective_Word_List
ceaseless:pos=JJ:source=MPQA_Subjective_Word_List
unsolved:pos=JJ:source=MPQA_Subjective_Word_List
unframed:pos=JJ:source=MPQA_Subjective_Word_List
unacquainted:pos=JJ:source=MPQA_Subjective_Word_List
inseparable:pos=JJ:source=MPQA_Subjective_Word_List
incredulity:pos=JJ:source=MPQA_Subjective_Word_List
irregular:pos=JJ:source=MPQA_Subjective_Word_List
discoloured:pos=JJ:source=MPQA_Subjective_Word_List
dispassionate:pos=JJ:source=MPQA_Subjective_Word_List
dissimilar:pos=JJ:source=MPQA_Subjective_Word_List
inanimate:pos=JJ:source=MPQA_Subjective_Word_List
intangible:pos=JJ:source=MPQA_Subjective_Word_List
unhelpful:pos=JJ:source=MPQA_Subjective_Word_List
