accelerate
accordingly
accumulation
activate
activator
arouse
as
as a result
as it turn out
augment
because
bring about
catalysed
catalyzed
cause
cause
consequent
consequently
derive from
due
elicit
enhance
evoke
hence
in as much as
in response
inasmuch as
incite
increase
increase
induce
induced
inducer
induction
insofar as
lead
lure
motivate
now that
play a role
promote
provoke
raise
respond
result
result
rouse
since
so
so that
spur
stabilization
stabilize
stimulate
stimulation
sufficient
thereby
therefore
thus
to this end
transactivation
trigger
up-regulated
up-regulation
upregulate
upregulated
upregulation