abundance
accept
acceptance
access
accomplishment
according
account
accusation
accused
achieve
acknowledge
acquire
acquisition
adopt
adoption
affinity
anniversary
answer
apologize
appeal
approach
approval
approve of
apt
ask how
ask what
ask when
ask where
ask which
assail
attack
attribute
available
be glad
become
beg
beginning
beseech
better
bid
boost
break
breakdown
breakup
brim
careful
carry
caution
cease
celebrate
certification
certify
challenge
chance
chant
charge
check
choose
cite
clearance
close
command
comment
commit
commitment
compliance
compliant
concern
concoct
conditional
confer
confidence
congratulate
contrast with
contrive
conversation
convict
convict
coordination
count on
counter
cover
decry
defend
deflect
delay
delight
delighted
demand
deplore
deprive
deserve
design
despair
despise
destroy
destruction
develop
development
devise
devote
difficult
disapprove
discredit
disfavor
dislike
disregard
distort
distrust
ease
elect
eligible
emphasize
encourage
encouragement
endeavor
engage
enjoin from
ensure
entitle
entreat
envisage
exciting
exclude
exclusion
excuse
expand
extend
extension
fancy
figure
file
find out
fizzle
flop
forestall
forgive
fulfill
fully intend to
generalization
gloss
goal
hail
handle
head
hesitate
hold the opinion
hunger
implement
impose
improve
improvement
in need of
in principle
incline toward
indict
infallible
inform
interesting
interpret
interpretation
invitation
invite
irrelevant
keen
lament
last
laugh
link
list
look
look forward to
lust
meet
model
name
necessarily
negotiate
negotiation
neither
notify
notion
nowhere
nullify
object
objection
okay
open
opening
oppose
option
ordain
organize
outcome
pass
pay
pine
plot
point
post
postpone
powerless
preference
press
pretend
prevail
price
protect
protext
publish
pull off
ratification
read
ready
realize
rebut
recall
refer
reference
refrain
relate
relevant
renounce
reply
resent
resentment
resolve
resume
reveal
right
rule
sanctify
satisfy
schedule
scheme
search
sell
settle
settlement
shout
sigh
sign
sign off
significant
signify
sketch
solve
sound
specify
spell
spread
stain
stall
staunch
stem from
strance
stress
strive
strongly
subject
suggestion
suspect
swear
symbolize
talk
term
thank
thanks to
threat
tolerate
tragic
turn
unbelieving
undertake
unerring
unmistakable
unreliable
urgent
useless
value
verify
view
vital
vote
vow
welcome
whether
withdraw
worried
worse
worthwhile