ADCC
ADPase
CaMKII
CaMKKalpha
CaMKKbeta
CCC
CSF-1
CSF-2
CYP8B1
DNA
DNase I
EGF
Endosomal Sorting Complex Required for Transport
F1-ATPase
FKBP
GBSS
hnRNP
HPRT
IgG1
IgG2
IgG3
IgG4
IKBKB
IL-1
IL-10
IL-11
IL-12
IL-13
IL-15
IL-16
IL-17
IL-17E
IL-18
IL-2
IL-23
IL-3
IL-4
IL-5
IL-6
IL-7
IL-8
IL-9
IMP
IPSP
MAPKK
Mn-SOD
mtDNA
MTOC
p38delta
PCNA
PNGase A
PNGase F
P-TEFb
PVC
RNA
RNase F1
RNase P
RNase T1
SAPK2
SAPK3
SAPK4
scRNP
SNARE
snoRNA
snoRNP
snRNP
tRNA
TSP-1
U1 snRNP
U2 snRNP
U4 snRNP
U5 snRNP
U6 snRNP
U7 snRNP
