accelerate
accordingly
accumulation
activate
activator
arouse
as
as a result
as it turn out
augment
because
because of
bribe
bring about
catalyse
catalysed
catalyze
catalyzed
cause
cause
consequent
consequently
derive from
due
elicit
enhance
evoke
have a positive role
have a prominent increase
hence
in as much as
in response
inasmuch as
incite
increase
increase
induce
induced
inducer
induction
insofar as
lead
lead to a enhance
lead to synergistic enhancement
lead to they accelerate
lure
motivate
now that
play a role
promote
provoke
raise
respond
result
result
rouse
send
since
so
so that
spur
stabilization
stabilize
stimulate
stimulate the activation
stimulation
sufficient
thereby
therefore
thus
to this end
transactivation
trigger
trigger
trigger signal cascade
trigger the activation
up-regulated
up-regulation
upregulate
upregulated
upregulation