accusation
accuse
add
affirm
affirmation
afraid
agree
allege
alleged
allegedly
announce
announcement
argue
argument
argumentation
assert
assertion
bet
cable
claim
concede
confident
declaration
declare
deliver
deny
describe
disclose
discovery
discuss
divulge
doubt
dream
explanation
express
expression
fear
fear
feeling
find
grant
hold
ignore
indicate
insist
intimate
learn
maintain
mention
news
note
plead
postulate
project
pronounce
protest
protest
quote
reassure
recapitulate
recognition
recognize
remark
remember
report
report
reported
reportedly
rumor
rumor
say
signal
signal
skeptical
state
suppose
supposition
surprise
surprised
tell
testify
warn
warning
worry
write
yell